Using pre-set license
Built from '2020.3/staging' branch; Version is '2020.3.25f1 (9b9180224418) revision 10195328'; Using compiler version '192528614'; Build Type 'Release'
OS: 'Windows 10  (10.0.19043) 64bit Professional' Language: 'en' Physical Memory: 8084 MB
BatchMode: 1, IsHumanControllingUs: 0, StartBugReporterOnCrash: 0, Is64bit: 1, IsPro: 0

COMMAND LINE ARGUMENTS:
C:\Program Files\Unity\Hub\Editor\2020.3.25f1\Editor\Unity.exe
-adb2
-batchMode
-noUpm
-name
AssetImportWorker0
-projectPath
C:/Users/khern/Downloads/Unity-game/Sur_mybeatball
-logFile
Logs/AssetImportWorker0.log
-srvPort
50772
Successfully changed project path to: C:/Users/khern/Downloads/Unity-game/Sur_mybeatball
C:/Users/khern/Downloads/Unity-game/Sur_mybeatball
Using Asset Import Pipeline V2.
Refreshing native plugins compatible for Editor in 39.39 ms, found 2 plugins.
Preloading 0 native plugins for Editor in 0.00 ms.
Initialize engine version: 2020.3.25f1 (9b9180224418)
[Subsystems] Discovering subsystems at path C:/Program Files/Unity/Hub/Editor/2020.3.25f1/Editor/Data/Resources/UnitySubsystems
[Subsystems] Discovering subsystems at path C:/Users/khern/Downloads/Unity-game/Sur_mybeatball/Assets
GfxDevice: creating device client; threaded=0
Direct3D:
    Version:  Direct3D 11.0 [level 11.1]
    Renderer: NVIDIA GeForce GTX 1060 3GB (ID=0x1c02)
    Vendor:   
    VRAM:     2988 MB
    Driver:   30.0.14.9709
Initialize mono
Mono path[0] = 'C:/Program Files/Unity/Hub/Editor/2020.3.25f1/Editor/Data/Managed'
Mono path[1] = 'C:/Program Files/Unity/Hub/Editor/2020.3.25f1/Editor/Data/MonoBleedingEdge/lib/mono/unityjit'
Mono config path = 'C:/Program Files/Unity/Hub/Editor/2020.3.25f1/Editor/Data/MonoBleedingEdge/etc'
Using monoOptions --debugger-agent=transport=dt_socket,embedding=1,server=y,suspend=n,address=127.0.0.1:56528
Begin MonoManager ReloadAssembly
Registering precompiled unity dll's ...
Register platform support module: C:/Program Files/Unity/Hub/Editor/2020.3.25f1/Editor/Data/PlaybackEngines/WindowsStandaloneSupport/UnityEditor.WindowsStandalone.Extensions.dll
Registered in 0.002260 seconds.
Native extension for WindowsStandalone target not found
Refreshing native plugins compatible for Editor in 45.29 ms, found 2 plugins.
Preloading 0 native plugins for Editor in 0.00 ms.
Mono: successfully reloaded assembly
- Completed reload, in  0.874 seconds
Domain Reload Profiling:
	ReloadAssembly (874ms)
		BeginReloadAssembly (66ms)
			ExecutionOrderSort (0ms)
			DisableScriptedObjects (0ms)
			BackupInstance (0ms)
			ReleaseScriptingObjects (0ms)
			CreateAndSetChildDomain (1ms)
		EndReloadAssembly (722ms)
			LoadAssemblies (63ms)
			RebuildTransferFunctionScriptingTraits (0ms)
			SetupTypeCache (182ms)
			ReleaseScriptCaches (0ms)
			RebuildScriptCaches (61ms)
			SetupLoadedEditorAssemblies (304ms)
				LogAssemblyErrors (0ms)
				InitializePlatformSupportModulesInManaged (5ms)
				SetLoadedEditorAssemblies (0ms)
				RefreshPlugins (45ms)
				BeforeProcessingInitializeOnLoad (21ms)
				ProcessInitializeOnLoadAttributes (194ms)
				ProcessInitializeOnLoadMethodAttributes (38ms)
				AfterProcessingInitializeOnLoad (0ms)
				EditorAssembliesLoaded (0ms)
			ExecutionOrderSort2 (0ms)
			AwakeInstancesAfterBackupRestoration (0ms)
Platform modules already initialized, skipping
Registering precompiled user dll's ...
Registered in 0.004799 seconds.
Begin MonoManager ReloadAssembly
Native extension for WindowsStandalone target not found
Refreshing native plugins compatible for Editor in 0.35 ms, found 2 plugins.
Preloading 0 native plugins for Editor in 0.00 ms.
Mono: successfully reloaded assembly
- Completed reload, in  1.556 seconds
Domain Reload Profiling:
	ReloadAssembly (1557ms)
		BeginReloadAssembly (187ms)
			ExecutionOrderSort (0ms)
			DisableScriptedObjects (6ms)
			BackupInstance (0ms)
			ReleaseScriptingObjects (0ms)
			CreateAndSetChildDomain (26ms)
		EndReloadAssembly (1277ms)
			LoadAssemblies (118ms)
			RebuildTransferFunctionScriptingTraits (0ms)
			SetupTypeCache (510ms)
			ReleaseScriptCaches (0ms)
			RebuildScriptCaches (55ms)
			SetupLoadedEditorAssemblies (469ms)
				LogAssemblyErrors (0ms)
				InitializePlatformSupportModulesInManaged (5ms)
				SetLoadedEditorAssemblies (1ms)
				RefreshPlugins (0ms)
				BeforeProcessingInitializeOnLoad (97ms)
				ProcessInitializeOnLoadAttributes (346ms)
				ProcessInitializeOnLoadMethodAttributes (12ms)
				AfterProcessingInitializeOnLoad (7ms)
				EditorAssembliesLoaded (0ms)
			ExecutionOrderSort2 (0ms)
			AwakeInstancesAfterBackupRestoration (9ms)
Platform modules already initialized, skipping
========================================================================
Worker process is ready to serve import requests
Launched and connected shader compiler UnityShaderCompiler.exe after 0.22 seconds
Refreshing native plugins compatible for Editor in 0.50 ms, found 2 plugins.
Preloading 0 native plugins for Editor in 0.00 ms.
Unloading 1503 Unused Serialized files (Serialized files now loaded: 0)
System memory in use before: 67.6 MB.
System memory in use after: 67.7 MB.

Unloading 19 unused Assets to reduce memory usage. Loaded Objects now: 1935.
Total: 9.343900 ms (FindLiveObjects: 0.170100 ms CreateObjectMapping: 0.390500 ms MarkObjects: 8.699600 ms  DeleteObjects: 0.081700 ms)

AssetImportParameters requested are different than current active one (requested -> active):
  custom:framework-win-MediaFoundation: 216162199b28c13a410421893ffa2e32 -> 
  custom:video-decoder-ogg-theora: a1e56fd34408186e4bbccfd4996cb3dc -> 
  custom:container-muxer-webm: aa71ff27fc2769a1b78a27578f13a17b -> 
  custom:container-demuxer-webm: 4f35f7cbe854078d1ac9338744f61a02 -> 
  custom:container-demuxer-ogg: 62fdf1f143b41e24485cea50d1cbac27 -> 
  custom:video-encoder-webm-vp8: eb34c28f22e8b96e1ab97ce403110664 -> 
  custom:video-decoder-webm-vp8: 9c59270c3fd7afecdb556c50c9e8de78 -> 
  custom:audio-decoder-ogg-vorbis: bf7c407c2cedff20999df2af8eb42d56 -> 
  custom:audio-encoder-webm-vorbis: bf7c407c2cedff20999df2af8eb42d56 -> 
========================================================================
Received Import Request.
  path: Assets/Scripts/Ball.cs
  artifactKey: Guid(9926baf5b096dc140b384a44790c9579) Importer(815301076,1909f56bfc062723c751e8b465ee728b)
Start importing Assets/Scripts/Ball.cs using Guid(9926baf5b096dc140b384a44790c9579) Importer(815301076,1909f56bfc062723c751e8b465ee728b)  -> (artifact id: 'c9c4aa24fbf833c171f9d56f2d7e48a3') in 0.055664 seconds 
  Import took 0.060716 seconds .

========================================================================
Received Import Request.
  Time since last request: 147.315840 seconds.
  path: Assets/Scenes
  artifactKey: Guid(a09161ff56ed01e4cbb50aca56f1ed22) Importer(815301076,1909f56bfc062723c751e8b465ee728b)
Start importing Assets/Scenes using Guid(a09161ff56ed01e4cbb50aca56f1ed22) Importer(815301076,1909f56bfc062723c751e8b465ee728b)  -> (artifact id: 'af212460371370eb3fbc81baa0f29a86') in 0.013644 seconds 
  Import took 0.017786 seconds .

========================================================================
Received Import Request.
  Time since last request: 0.712772 seconds.
  path: Assets/Prefabs/Brick.prefab
  artifactKey: Guid(febee266d96a3524191caee4ee0cac58) Importer(815301076,1909f56bfc062723c751e8b465ee728b)
Start importing Assets/Prefabs/Brick.prefab using Guid(febee266d96a3524191caee4ee0cac58) Importer(815301076,1909f56bfc062723c751e8b465ee728b)  -> (artifact id: '272e8260b6df346e1fedef322c51c9f6') in 0.098416 seconds 
  Import took 0.101480 seconds .

========================================================================
Received Import Request.
  Time since last request: 9.163444 seconds.
  path: Assets/Prefabs/Brick.prefab
  artifactKey: Guid(febee266d96a3524191caee4ee0cac58) Importer(815301076,1909f56bfc062723c751e8b465ee728b)
Start importing Assets/Prefabs/Brick.prefab using Guid(febee266d96a3524191caee4ee0cac58) Importer(815301076,1909f56bfc062723c751e8b465ee728b)  -> (artifact id: '967efb8ccb608f95fe620bf1f690ef1d') in 0.013616 seconds 
  Import took 0.017644 seconds .

========================================================================
Received Import Request.
  Time since last request: 55.992443 seconds.
  path: Assets/Scenes/SampleScene.unity
  artifactKey: Guid(9fc0d4010bbf28b4594072e72b8655ab) Importer(815301076,1909f56bfc062723c751e8b465ee728b)
Start importing Assets/Scenes/SampleScene.unity using Guid(9fc0d4010bbf28b4594072e72b8655ab) Importer(815301076,1909f56bfc062723c751e8b465ee728b)  -> (artifact id: 'f1166dc65f8ff63a27d8cda50c88e9aa') in 0.012551 seconds 
  Import took 0.018661 seconds .

========================================================================
Received Import Request.
  Time since last request: 570.308326 seconds.
  path: Assets/Materials
  artifactKey: Guid(c120cb479e960d045a288802aad40541) Importer(815301076,1909f56bfc062723c751e8b465ee728b)
Start importing Assets/Materials using Guid(c120cb479e960d045a288802aad40541) Importer(815301076,1909f56bfc062723c751e8b465ee728b)  -> (artifact id: '851d99ad711dad42252886f09c2ad038') in 0.013097 seconds 
  Import took 0.020453 seconds .

========================================================================
Received Import Request.
  Time since last request: 10.574347 seconds.
  path: Assets
  artifactKey: Guid(00000000000000001000000000000000) Importer(815301076,1909f56bfc062723c751e8b465ee728b)
Start importing Assets using Guid(00000000000000001000000000000000) Importer(815301076,1909f56bfc062723c751e8b465ee728b)  -> (artifact id: '42d402b061de3733987d63b9cc3b64de') in 0.012675 seconds 
  Import took 0.015853 seconds .

========================================================================
Received Import Request.
  Time since last request: 5.917384 seconds.
  path: Assets/Materials
  artifactKey: Guid(c120cb479e960d045a288802aad40541) Importer(815301076,1909f56bfc062723c751e8b465ee728b)
Start importing Assets/Materials using Guid(c120cb479e960d045a288802aad40541) Importer(815301076,1909f56bfc062723c751e8b465ee728b)  -> (artifact id: '9860c61682cc62d849374e41b277e0ae') in 0.006062 seconds 
  Import took 0.012398 seconds .

========================================================================
Received Import Request.
  Time since last request: 33.271337 seconds.
  path: Assets/Prefabs/Brick.prefab
  artifactKey: Guid(febee266d96a3524191caee4ee0cac58) Importer(815301076,1909f56bfc062723c751e8b465ee728b)
Start importing Assets/Prefabs/Brick.prefab using Guid(febee266d96a3524191caee4ee0cac58) Importer(815301076,1909f56bfc062723c751e8b465ee728b)  -> (artifact id: '45e7e6c453dd4a00553077b87fb048f6') in 0.049347 seconds 
  Import took 0.052135 seconds .

========================================================================
Received Import Request.
  Time since last request: 21.563391 seconds.
  path: Assets/Prefabs/Brick.prefab
  artifactKey: Guid(febee266d96a3524191caee4ee0cac58) Importer(815301076,1909f56bfc062723c751e8b465ee728b)
Start importing Assets/Prefabs/Brick.prefab using Guid(febee266d96a3524191caee4ee0cac58) Importer(815301076,1909f56bfc062723c751e8b465ee728b)  -> (artifact id: 'f03b2a1028cf912fcc26ce691bc230da') in 0.013880 seconds 
  Import took 0.017978 seconds .

========================================================================
Received Import Request.
  Time since last request: 11.715815 seconds.
  path: Assets/Scripts/Brick.cs
  artifactKey: Guid(3f78afa062702b842a8b5051af55da19) Importer(815301076,1909f56bfc062723c751e8b465ee728b)
Start importing Assets/Scripts/Brick.cs using Guid(3f78afa062702b842a8b5051af55da19) Importer(815301076,1909f56bfc062723c751e8b465ee728b)  -> (artifact id: '9477b237e3b0a99aca50c0d8b5f93643') in 0.003362 seconds 
  Import took 0.006651 seconds .

AssetImportWorkerClient::OnTransportError - code=2 error=End of file
